<?xml version="1.0" encoding="UTF-8"?>
<!-- Generated by org.testng.reporters.JUnitReportReporter -->
<testsuite skipped="0" hostname="LAPTOP-MHUVFH4M" name="ZestMoney.qa.Compare" tests="1" failures="0" timestamp="18 Oct 2020 11:10:03 GMT" time="113.647" errors="0">
  <testcase name="SubmitReview" time="113.647" classname="ZestMoney.qa.Compare"/>
</testsuite> <!-- ZestMoney.qa.Compare -->
